<?xml version="1.0" encoding="UTF-8"?>
<!-- Generated by org.testng.reporters.JUnitReportReporter -->
<testsuite skipped="0" hostname="venkatesh-PC" name="org.LogicMaintaince.Logic" tests="3" failures="0" timestamp="19 Dec 2020 21:41:57 GMT" time="98.856" errors="0">
  <testcase name="homePage" time="54.248" classname="org.LogicMaintaince.Logic"/>
  <testcase name="search" time="5.834" classname="org.LogicMaintaince.Logic"/>
  <testcase name="source" time="38.774" classname="org.LogicMaintaince.Logic"/>
</testsuite> <!-- org.LogicMaintaince.Logic -->
